mode: set
github.com/steven-xie/dgen/throughput/throughput.go:30.3,32.17 1 1
github.com/steven-xie/dgen/throughput/throughput.go:37.2,49.12 2 1
github.com/steven-xie/dgen/throughput/throughput.go:53.2,53.32 1 1
github.com/steven-xie/dgen/throughput/throughput.go:89.2,90.57 1 0
github.com/steven-xie/dgen/throughput/throughput.go:32.17,35.3 1 0
github.com/steven-xie/dgen/throughput/throughput.go:49.12,51.3 1 1
github.com/steven-xie/dgen/throughput/throughput.go:53.32,54.13 1 1
github.com/steven-xie/dgen/throughput/throughput.go:75.3,75.49 1 1
github.com/steven-xie/dgen/throughput/throughput.go:54.13,57.48 1 1
github.com/steven-xie/dgen/throughput/throughput.go:57.48,59.5 1 0
github.com/steven-xie/dgen/throughput/throughput.go:60.9,64.18 3 0
github.com/steven-xie/dgen/throughput/throughput.go:68.4,68.12 1 0
github.com/steven-xie/dgen/throughput/throughput.go:64.18,66.5 1 0
github.com/steven-xie/dgen/throughput/throughput.go:75.49,80.34 3 1
github.com/steven-xie/dgen/throughput/throughput.go:85.4,85.51 1 0
github.com/steven-xie/dgen/throughput/throughput.go:80.34,82.5 1 1
github.com/steven-xie/dgen/main.go:10.13,18.30 4 1
github.com/steven-xie/dgen/main.go:28.2,28.16 1 1
github.com/steven-xie/dgen/main.go:33.2,33.16 1 1
github.com/steven-xie/dgen/main.go:18.30,20.18 2 0
github.com/steven-xie/dgen/main.go:21.10,22.21 1 0
github.com/steven-xie/dgen/main.go:23.10,24.19 1 0
github.com/steven-xie/dgen/main.go:28.16,32.3 2 0
github.com/steven-xie/dgen/main.go:33.16,35.3 1 0
github.com/steven-xie/dgen/args.go:11.54,14.16 2 1
github.com/steven-xie/dgen/args.go:19.2,19.15 1 1
github.com/steven-xie/dgen/args.go:29.2,30.16 2 1
github.com/steven-xie/dgen/args.go:34.2,36.50 3 1
github.com/steven-xie/dgen/args.go:39.2,39.18 1 1
github.com/steven-xie/dgen/args.go:14.16,18.3 2 0
github.com/steven-xie/dgen/args.go:19.15,24.32 2 0
github.com/steven-xie/dgen/args.go:24.32,26.4 1 0
github.com/steven-xie/dgen/args.go:30.16,32.3 1 1
github.com/steven-xie/dgen/args.go:36.50,38.3 1 0
github.com/steven-xie/dgen/config.go:28.33,30.9 2 0
github.com/steven-xie/dgen/config.go:34.2,34.15 1 0
github.com/steven-xie/dgen/config.go:30.9,33.3 2 0
github.com/steven-xie/dgen/flags.go:15.35,18.16 2 1
github.com/steven-xie/dgen/flags.go:41.2,41.13 1 1
github.com/steven-xie/dgen/flags.go:18.16,19.44 1 0
github.com/steven-xie/dgen/flags.go:37.3,39.13 2 0
github.com/steven-xie/dgen/flags.go:19.44,20.24 1 0
github.com/steven-xie/dgen/flags.go:21.57,24.16 2 0
github.com/steven-xie/dgen/flags.go:27.23,28.15 1 0
github.com/steven-xie/dgen/flags.go:30.12,33.15 2 0
